# JRE version: OpenJDK Runtime Environment (8.0_181-b13) (build 1.8.0_181-8u181-b13-2~deb9u1-b13)
# Java VM: OpenJDK Client VM (25.181-b13 mixed mode linux-aarch32 )
Heap:
 def new generation   total 13824K, used 7623K [0x64600000, 0x654f0000, 0x69350000)
  eden space 12352K,  61% used [0x64600000, 0x64d71c98, 0x65210000)
  from space 1472K,   0% used [0x65210000, 0x65210000, 0x65380000)
  to   space 1472K,   0% used [0x65380000, 0x65380000, 0x654f0000)
 tenured generation   total 30324K, used 18194K [0x69350000, 0x6b0ed000, 0x72e00000)
   the space 30324K,  59% used [0x69350000, 0x6a514918, 0x6a514a00, 0x6b0ed000)
 Metaspace       used 23914K, capacity 24576K, committed 24832K, reserved 24880K
GC Heap History (10 events):
Event: 22.064 GC heap before
{Heap before GC invocations=63 (full 2):
 def new generation   total 8512K, used 8512K [0x64600000, 0x64f30000, 0x69350000)
  eden space 7616K, 100% used [0x64600000, 0x64d70000, 0x64d70000)
  from space 896K, 100% used [0x64e50000, 0x64f30000, 0x64f30000)
  to   space 896K,   0% used [0x64d70000, 0x64d70000, 0x64e50000)
 tenured generation   total 18596K, used 14679K [0x69350000, 0x6a579000, 0x72e00000)
   the space 18596K,  78% used [0x69350000, 0x6a1a5cf8, 0x6a1a5e00, 0x6a579000)
 Metaspace       used 21114K, capacity 21765K, committed 21888K, reserved 22832K
Event: 22.084 GC heap after
Heap after GC invocations=64 (full 2):
 def new generation   total 8512K, used 764K [0x64600000, 0x64f30000, 0x69350000)
  eden space 7616K,   0% used [0x64600000, 0x64600000, 0x64d70000)
  from space 896K,  85% used [0x64d70000, 0x64e2f2f8, 0x64e50000)
  to   space 896K,   0% used [0x64e50000, 0x64e50000, 0x64f30000)
 tenured generation   total 18596K, used 15091K [0x69350000, 0x6a579000, 0x72e00000)
   the space 18596K,  81% used [0x69350000, 0x6a20cce0, 0x6a20ce00, 0x6a579000)
 Metaspace       used 21114K, capacity 21765K, committed 21888K, reserved 22832K
}
Event: 23.287 GC heap before
{Heap before GC invocations=64 (full 2):
 def new generation   total 8512K, used 8380K [0x64600000, 0x64f30000, 0x69350000)
  eden space 7616K, 100% used [0x64600000, 0x64d70000, 0x64d70000)
  from space 896K,  85% used [0x64d70000, 0x64e2f2f8, 0x64e50000)
  to   space 896K,   0% used [0x64e50000, 0x64e50000, 0x64f30000)
 tenured generation   total 18596K, used 15091K [0x69350000, 0x6a579000, 0x72e00000)
   the space 18596K,  81% used [0x69350000, 0x6a20cce0, 0x6a20ce00, 0x6a579000)
 Metaspace       used 21578K, capacity 22216K, committed 22272K, reserved 22832K
Event: 23.321 GC heap after
Heap after GC invocations=65 (full 2):
 def new generation   total 8512K, used 800K [0x64600000, 0x64f30000, 0x69350000)
  eden space 7616K,   0% used [0x64600000, 0x64600000, 0x64d70000)
  from space 896K,  89% used [0x64e50000, 0x64f18198, 0x64f30000)
  to   space 896K,   0% used [0x64d70000, 0x64d70000, 0x64e50000)
 tenured generation   total 18596K, used 15443K [0x69350000, 0x6a579000, 0x72e00000)
   the space 18596K,  83% used [0x69350000, 0x6a264c98, 0x6a264e00, 0x6a579000)
 Metaspace       used 21578K, capacity 22216K, committed 22272K, reserved 22832K
}
Event: 25.742 GC heap before
{Heap before GC invocations=65 (full 2):
 def new generation   total 8512K, used 8416K [0x64600000, 0x64f30000, 0x69350000)
  eden space 7616K, 100% used [0x64600000, 0x64d70000, 0x64d70000)
  from space 896K,  89% used [0x64e50000, 0x64f18198, 0x64f30000)
  to   space 896K,   0% used [0x64d70000, 0x64d70000, 0x64e50000)
 tenured generation   total 18596K, used 15443K [0x69350000, 0x6a579000, 0x72e00000)
   the space 18596K,  83% used [0x69350000, 0x6a264c98, 0x6a264e00, 0x6a579000)
 Metaspace       used 22242K, capacity 22922K, committed 23040K, reserved 23856K
Event: 25.766 GC heap after
Heap after GC invocations=66 (full 2):
 def new generation   total 8512K, used 896K [0x64600000, 0x64f30000, 0x69350000)
  eden space 7616K,   0% used [0x64600000, 0x64600000, 0x64d70000)
  from space 896K, 100% used [0x64d70000, 0x64e50000, 0x64e50000)
  to   space 896K,   0% used [0x64e50000, 0x64e50000, 0x64f30000)
 tenured generation   total 18596K, used 15966K [0x69350000, 0x6a579000, 0x72e00000)
   the space 18596K,  85% used [0x69350000, 0x6a2e7a90, 0x6a2e7c00, 0x6a579000)
 Metaspace       used 22242K, capacity 22922K, committed 23040K, reserved 23856K
}
Event: 26.421 GC heap before
{Heap before GC invocations=66 (full 2):
 def new generation   total 8512K, used 8512K [0x64600000, 0x64f30000, 0x69350000)
  eden space 7616K, 100% used [0x64600000, 0x64d70000, 0x64d70000)
  from space 896K, 100% used [0x64d70000, 0x64e50000, 0x64e50000)
  to   space 896K,   0% used [0x64e50000, 0x64e50000, 0x64f30000)
 tenured generation   total 18596K, used 15966K [0x69350000, 0x6a579000, 0x72e00000)
   the space 18596K,  85% used [0x69350000, 0x6a2e7a90, 0x6a2e7c00, 0x6a579000)
 Metaspace       used 23693K, capacity 24385K, committed 24448K, reserved 24880K
Event: 26.448 GC heap after
Heap after GC invocations=67 (full 2):
 def new generation   total 8512K, used 896K [0x64600000, 0x64f30000, 0x69350000)
  eden space 7616K,   0% used [0x64600000, 0x64600000, 0x64d70000)
  from space 896K, 100% used [0x64e50000, 0x64f30000, 0x64f30000)
  to   space 896K,   0% used [0x64d70000, 0x64d70000, 0x64e50000)
 tenured generation   total 18596K, used 17857K [0x69350000, 0x6a579000, 0x72e00000)
   the space 18596K,  96% used [0x69350000, 0x6a4c0408, 0x6a4c0600, 0x6a579000)
 Metaspace       used 23693K, capacity 24385K, committed 24448K, reserved 24880K
}
Event: 31.006 GC heap before
{Heap before GC invocations=67 (full 2):
 def new generation   total 8512K, used 8512K [0x64600000, 0x64f30000, 0x69350000)
  eden space 7616K, 100% used [0x64600000, 0x64d70000, 0x64d70000)
  from space 896K, 100% used [0x64e50000, 0x64f30000, 0x64f30000)
  to   space 896K,   0% used [0x64d70000, 0x64d70000, 0x64e50000)
 tenured generation   total 18596K, used 17857K [0x69350000, 0x6a579000, 0x72e00000)
   the space 18596K,  96% used [0x69350000, 0x6a4c0408, 0x6a4c0600, 0x6a579000)
 Metaspace       used 24078K, capacity 24775K, committed 24832K, reserved 24880K
Event: 31.372 GC heap after
Heap after GC invocations=68 (full 3):
 def new generation   total 13824K, used 0K [0x64600000, 0x654f0000, 0x69350000)
  eden space 12352K,   0% used [0x64600000, 0x64600000, 0x65210000)
  from space 1472K,   0% used [0x65210000, 0x65210000, 0x65380000)
  to   space 1472K,   0% used [0x65380000, 0x65380000, 0x654f0000)
 tenured generation   total 30324K, used 18194K [0x69350000, 0x6b0ed000, 0x72e00000)
   the space 30324K,  59% used [0x69350000, 0x6a514918, 0x6a514a00, 0x6b0ed000)
 Metaspace       used 23834K, capacity 24474K, committed 24832K, reserved 24880K
}

