# JRE version: OpenJDK Runtime Environment (8.0_181-b13) (build 1.8.0_181-8u181-b13-2~deb9u1-b13)
# Java VM: OpenJDK Client VM (25.181-b13 mixed mode linux-aarch32 )
Heap:
 def new generation   total 7936K, used 5430K [0x64400000, 0x64c90000, 0x69150000)
  eden space 7104K,  64% used [0x64400000, 0x6487d8c8, 0x64af0000)
  from space 832K, 100% used [0x64bc0000, 0x64c90000, 0x64c90000)
  to   space 832K,   0% used [0x64af0000, 0x64af0000, 0x64bc0000)
 tenured generation   total 17312K, used 17074K [0x69150000, 0x6a238000, 0x72c00000)
   the space 17312K,  98% used [0x69150000, 0x6a1fc888, 0x6a1fca00, 0x6a238000)
 Metaspace       used 24149K, capacity 24782K, committed 24832K, reserved 24880K
GC Heap History (10 events):
Event: 25.474 GC heap before
{Heap before GC invocations=65 (full 2):
 def new generation   total 7936K, used 7936K [0x64400000, 0x64c90000, 0x69150000)
  eden space 7104K, 100% used [0x64400000, 0x64af0000, 0x64af0000)
  from space 832K, 100% used [0x64af0000, 0x64bc0000, 0x64bc0000)
  to   space 832K,   0% used [0x64bc0000, 0x64bc0000, 0x64c90000)
 tenured generation   total 17312K, used 13943K [0x69150000, 0x6a238000, 0x72c00000)
   the space 17312K,  80% used [0x69150000, 0x69eedc30, 0x69eede00, 0x6a238000)
 Metaspace       used 20468K, capacity 21027K, committed 21120K, reserved 21808K
Event: 25.495 GC heap after
Heap after GC invocations=66 (full 2):
 def new generation   total 7936K, used 650K [0x64400000, 0x64c90000, 0x69150000)
  eden space 7104K,   0% used [0x64400000, 0x64400000, 0x64af0000)
  from space 832K,  78% used [0x64bc0000, 0x64c62918, 0x64c90000)
  to   space 832K,   0% used [0x64af0000, 0x64af0000, 0x64bc0000)
 tenured generation   total 17312K, used 14480K [0x69150000, 0x6a238000, 0x72c00000)
   the space 17312K,  83% used [0x69150000, 0x69f74140, 0x69f74200, 0x6a238000)
 Metaspace       used 20468K, capacity 21027K, committed 21120K, reserved 21808K
}
Event: 26.359 GC heap before
{Heap before GC invocations=66 (full 2):
 def new generation   total 7936K, used 7754K [0x64400000, 0x64c90000, 0x69150000)
  eden space 7104K, 100% used [0x64400000, 0x64af0000, 0x64af0000)
  from space 832K,  78% used [0x64bc0000, 0x64c62918, 0x64c90000)
  to   space 832K,   0% used [0x64af0000, 0x64af0000, 0x64bc0000)
 tenured generation   total 17312K, used 14480K [0x69150000, 0x6a238000, 0x72c00000)
   the space 17312K,  83% used [0x69150000, 0x69f74140, 0x69f74200, 0x6a238000)
 Metaspace       used 20768K, capacity 21349K, committed 21376K, reserved 21808K
Event: 26.376 GC heap after
Heap after GC invocations=67 (full 2):
 def new generation   total 7936K, used 663K [0x64400000, 0x64c90000, 0x69150000)
  eden space 7104K,   0% used [0x64400000, 0x64400000, 0x64af0000)
  from space 832K,  79% used [0x64af0000, 0x64b95c28, 0x64bc0000)
  to   space 832K,   0% used [0x64bc0000, 0x64bc0000, 0x64c90000)
 tenured generation   total 17312K, used 14817K [0x69150000, 0x6a238000, 0x72c00000)
   the space 17312K,  85% used [0x69150000, 0x69fc8738, 0x69fc8800, 0x6a238000)
 Metaspace       used 20768K, capacity 21349K, committed 21376K, reserved 21808K
}
Event: 26.852 GC heap before
{Heap before GC invocations=67 (full 2):
 def new generation   total 7936K, used 7767K [0x64400000, 0x64c90000, 0x69150000)
  eden space 7104K, 100% used [0x64400000, 0x64af0000, 0x64af0000)
  from space 832K,  79% used [0x64af0000, 0x64b95c28, 0x64bc0000)
  to   space 832K,   0% used [0x64bc0000, 0x64bc0000, 0x64c90000)
 tenured generation   total 17312K, used 14817K [0x69150000, 0x6a238000, 0x72c00000)
   the space 17312K,  85% used [0x69150000, 0x69fc8738, 0x69fc8800, 0x6a238000)
 Metaspace       used 21176K, capacity 21733K, committed 21760K, reserved 21808K
Event: 26.867 GC heap after
Heap after GC invocations=68 (full 2):
 def new generation   total 7936K, used 832K [0x64400000, 0x64c90000, 0x69150000)
  eden space 7104K,   0% used [0x64400000, 0x64400000, 0x64af0000)
  from space 832K, 100% used [0x64bc0000, 0x64c90000, 0x64c90000)
  to   space 832K,   0% used [0x64af0000, 0x64af0000, 0x64bc0000)
 tenured generation   total 17312K, used 15148K [0x69150000, 0x6a238000, 0x72c00000)
   the space 17312K,  87% used [0x69150000, 0x6a01b270, 0x6a01b400, 0x6a238000)
 Metaspace       used 21176K, capacity 21733K, committed 21760K, reserved 21808K
}
Event: 29.302 GC heap before
{Heap before GC invocations=68 (full 2):
 def new generation   total 7936K, used 7936K [0x64400000, 0x64c90000, 0x69150000)
  eden space 7104K, 100% used [0x64400000, 0x64af0000, 0x64af0000)
  from space 832K, 100% used [0x64bc0000, 0x64c90000, 0x64c90000)
  to   space 832K,   0% used [0x64af0000, 0x64af0000, 0x64bc0000)
 tenured generation   total 17312K, used 15148K [0x69150000, 0x6a238000, 0x72c00000)
   the space 17312K,  87% used [0x69150000, 0x6a01b270, 0x6a01b400, 0x6a238000)
 Metaspace       used 22115K, capacity 22664K, committed 22784K, reserved 22832K
Event: 29.324 GC heap after
Heap after GC invocations=69 (full 2):
 def new generation   total 7936K, used 832K [0x64400000, 0x64c90000, 0x69150000)
  eden space 7104K,   0% used [0x64400000, 0x64400000, 0x64af0000)
  from space 832K, 100% used [0x64af0000, 0x64bc0000, 0x64bc0000)
  to   space 832K,   0% used [0x64bc0000, 0x64bc0000, 0x64c90000)
 tenured generation   total 17312K, used 15842K [0x69150000, 0x6a238000, 0x72c00000)
   the space 17312K,  91% used [0x69150000, 0x6a0c89e0, 0x6a0c8a00, 0x6a238000)
 Metaspace       used 22115K, capacity 22664K, committed 22784K, reserved 22832K
}
Event: 30.128 GC heap before
{Heap before GC invocations=69 (full 2):
 def new generation   total 7936K, used 7936K [0x64400000, 0x64c90000, 0x69150000)
  eden space 7104K, 100% used [0x64400000, 0x64af0000, 0x64af0000)
  from space 832K, 100% used [0x64af0000, 0x64bc0000, 0x64bc0000)
  to   space 832K,   0% used [0x64bc0000, 0x64bc0000, 0x64c90000)
 tenured generation   total 17312K, used 15842K [0x69150000, 0x6a238000, 0x72c00000)
   the space 17312K,  91% used [0x69150000, 0x6a0c89e0, 0x6a0c8a00, 0x6a238000)
 Metaspace       used 23609K, capacity 24228K, committed 24320K, reserved 24880K
Event: 30.154 GC heap after
Heap after GC invocations=70 (full 2):
 def new generation   total 7936K, used 832K [0x64400000, 0x64c90000, 0x69150000)
  eden space 7104K,   0% used [0x64400000, 0x64400000, 0x64af0000)
  from space 832K, 100% used [0x64bc0000, 0x64c90000, 0x64c90000)
  to   space 832K,   0% used [0x64af0000, 0x64af0000, 0x64bc0000)
 tenured generation   total 17312K, used 17074K [0x69150000, 0x6a238000, 0x72c00000)
   the space 17312K,  98% used [0x69150000, 0x6a1fc888, 0x6a1fca00, 0x6a238000)
 Metaspace       used 23609K, capacity 24228K, committed 24320K, reserved 24880K
}

