# JRE version: OpenJDK Runtime Environment (8.0_181-b13) (build 1.8.0_181-8u181-b13-2~deb9u1-b13)
# Java VM: OpenJDK Client VM (25.181-b13 mixed mode linux-aarch32 )
Heap:
 def new generation   total 9984K, used 1605K [0x64600000, 0x650d0000, 0x69350000)
  eden space 8896K,  18% used [0x64600000, 0x64791440, 0x64eb0000)
  from space 1088K,   0% used [0x64eb0000, 0x64eb0000, 0x64fc0000)
  to   space 1088K,   0% used [0x64fc0000, 0x64fc0000, 0x650d0000)
 tenured generation   total 21876K, used 13123K [0x69350000, 0x6a8ad000, 0x72e00000)
   the space 21876K,  59% used [0x69350000, 0x6a020f90, 0x6a021000, 0x6a8ad000)
 Metaspace       used 23632K, capacity 24082K, committed 24448K, reserved 24880K
GC Heap History (10 events):
Event: 97.434 GC heap before
{Heap before GC invocations=63 (full 2):
 def new generation   total 7936K, used 7692K [0x64600000, 0x64e90000, 0x69350000)
  eden space 7104K, 100% used [0x64600000, 0x64cf0000, 0x64cf0000)
  from space 832K,  70% used [0x64dc0000, 0x64e53068, 0x64e90000)
  to   space 832K,   0% used [0x64cf0000, 0x64cf0000, 0x64dc0000)
 tenured generation   total 17380K, used 14565K [0x69350000, 0x6a449000, 0x72e00000)
   the space 17380K,  83% used [0x69350000, 0x6a189520, 0x6a189600, 0x6a449000)
 Metaspace       used 20995K, capacity 21429K, committed 21504K, reserved 21808K
Event: 97.463 GC heap after
Heap after GC invocations=64 (full 2):
 def new generation   total 7936K, used 722K [0x64600000, 0x64e90000, 0x69350000)
  eden space 7104K,   0% used [0x64600000, 0x64600000, 0x64cf0000)
  from space 832K,  86% used [0x64cf0000, 0x64da48a0, 0x64dc0000)
  to   space 832K,   0% used [0x64dc0000, 0x64dc0000, 0x64e90000)
 tenured generation   total 17380K, used 14928K [0x69350000, 0x6a449000, 0x72e00000)
   the space 17380K,  85% used [0x69350000, 0x6a1e40a0, 0x6a1e4200, 0x6a449000)
 Metaspace       used 20995K, capacity 21429K, committed 21504K, reserved 21808K
}
Event: 98.754 GC heap before
{Heap before GC invocations=64 (full 2):
 def new generation   total 7936K, used 7826K [0x64600000, 0x64e90000, 0x69350000)
  eden space 7104K, 100% used [0x64600000, 0x64cf0000, 0x64cf0000)
  from space 832K,  86% used [0x64cf0000, 0x64da48a0, 0x64dc0000)
  to   space 832K,   0% used [0x64dc0000, 0x64dc0000, 0x64e90000)
 tenured generation   total 17380K, used 14928K [0x69350000, 0x6a449000, 0x72e00000)
   the space 17380K,  85% used [0x69350000, 0x6a1e40a0, 0x6a1e4200, 0x6a449000)
 Metaspace       used 21929K, capacity 22426K, committed 22528K, reserved 22832K
Event: 98.767 GC heap after
Heap after GC invocations=65 (full 2):
 def new generation   total 7936K, used 832K [0x64600000, 0x64e90000, 0x69350000)
  eden space 7104K,   0% used [0x64600000, 0x64600000, 0x64cf0000)
  from space 832K, 100% used [0x64dc0000, 0x64e90000, 0x64e90000)
  to   space 832K,   0% used [0x64cf0000, 0x64cf0000, 0x64dc0000)
 tenured generation   total 17380K, used 15133K [0x69350000, 0x6a449000, 0x72e00000)
   the space 17380K,  87% used [0x69350000, 0x6a217548, 0x6a217600, 0x6a449000)
 Metaspace       used 21929K, capacity 22426K, committed 22528K, reserved 22832K
}
Event: 99.166 GC heap before
{Heap before GC invocations=65 (full 2):
 def new generation   total 7936K, used 7907K [0x64600000, 0x64e90000, 0x69350000)
  eden space 7104K,  99% used [0x64600000, 0x64ce8e70, 0x64cf0000)
  from space 832K, 100% used [0x64dc0000, 0x64e90000, 0x64e90000)
  to   space 832K,   0% used [0x64cf0000, 0x64cf0000, 0x64dc0000)
 tenured generation   total 17380K, used 15133K [0x69350000, 0x6a449000, 0x72e00000)
   the space 17380K,  87% used [0x69350000, 0x6a217548, 0x6a217600, 0x6a449000)
 Metaspace       used 23001K, capacity 23522K, committed 23552K, reserved 23856K
Event: 99.180 GC heap after
Heap after GC invocations=66 (full 2):
 def new generation   total 7936K, used 832K [0x64600000, 0x64e90000, 0x69350000)
  eden space 7104K,   0% used [0x64600000, 0x64600000, 0x64cf0000)
  from space 832K, 100% used [0x64cf0000, 0x64dc0000, 0x64dc0000)
  to   space 832K,   0% used [0x64dc0000, 0x64dc0000, 0x64e90000)
 tenured generation   total 17380K, used 15896K [0x69350000, 0x6a449000, 0x72e00000)
   the space 17380K,  91% used [0x69350000, 0x6a2d6098, 0x6a2d6200, 0x6a449000)
 Metaspace       used 23001K, capacity 23522K, committed 23552K, reserved 23856K
}
Event: 99.604 GC heap before
{Heap before GC invocations=66 (full 2):
 def new generation   total 7936K, used 7936K [0x64600000, 0x64e90000, 0x69350000)
  eden space 7104K, 100% used [0x64600000, 0x64cf0000, 0x64cf0000)
  from space 832K, 100% used [0x64cf0000, 0x64dc0000, 0x64dc0000)
  to   space 832K,   0% used [0x64dc0000, 0x64dc0000, 0x64e90000)
 tenured generation   total 17380K, used 15896K [0x69350000, 0x6a449000, 0x72e00000)
   the space 17380K,  91% used [0x69350000, 0x6a2d6098, 0x6a2d6200, 0x6a449000)
 Metaspace       used 23592K, capacity 24118K, committed 24192K, reserved 24880K
Event: 99.623 GC heap after
Heap after GC invocations=67 (full 2):
 def new generation   total 7936K, used 832K [0x64600000, 0x64e90000, 0x69350000)
  eden space 7104K,   0% used [0x64600000, 0x64600000, 0x64cf0000)
  from space 832K, 100% used [0x64dc0000, 0x64e90000, 0x64e90000)
  to   space 832K,   0% used [0x64cf0000, 0x64cf0000, 0x64dc0000)
 tenured generation   total 17380K, used 17300K [0x69350000, 0x6a449000, 0x72e00000)
   the space 17380K,  99% used [0x69350000, 0x6a4351c0, 0x6a435200, 0x6a449000)
 Metaspace       used 23592K, capacity 24118K, committed 24192K, reserved 24880K
}
Event: 157.603 GC heap before
{Heap before GC invocations=67 (full 2):
 def new generation   total 7936K, used 7936K [0x64600000, 0x64e90000, 0x69350000)
  eden space 7104K, 100% used [0x64600000, 0x64cf0000, 0x64cf0000)
  from space 832K, 100% used [0x64dc0000, 0x64e90000, 0x64e90000)
  to   space 832K,   0% used [0x64cf0000, 0x64cf0000, 0x64dc0000)
 tenured generation   total 17380K, used 17300K [0x69350000, 0x6a449000, 0x72e00000)
   the space 17380K,  99% used [0x69350000, 0x6a4351c0, 0x6a435200, 0x6a449000)
 Metaspace       used 23853K, capacity 24394K, committed 24448K, reserved 24880K
Event: 157.864 GC heap after
Heap after GC invocations=68 (full 3):
 def new generation   total 9984K, used 0K [0x64600000, 0x650d0000, 0x69350000)
  eden space 8896K,   0% used [0x64600000, 0x64600000, 0x64eb0000)
  from space 1088K,   0% used [0x64eb0000, 0x64eb0000, 0x64fc0000)
  to   space 1088K,   0% used [0x64fc0000, 0x64fc0000, 0x650d0000)
 tenured generation   total 21876K, used 13123K [0x69350000, 0x6a8ad000, 0x72e00000)
   the space 21876K,  59% used [0x69350000, 0x6a020f90, 0x6a021000, 0x6a8ad000)
 Metaspace       used 23562K, capacity 24048K, committed 24448K, reserved 24880K
}

