# JRE version: OpenJDK Runtime Environment (8.0_181-b13) (build 1.8.0_181-8u181-b13-2~deb9u1-b13)
# Java VM: OpenJDK Client VM (25.181-b13 mixed mode linux-aarch32 )
Heap:
 def new generation   total 9408K, used 7138K [0x64600000, 0x65030000, 0x69350000)
  eden space 8384K,  73% used [0x64600000, 0x64c0ed80, 0x64e30000)
  from space 1024K,  91% used [0x64f30000, 0x65019de0, 0x65030000)
  to   space 1024K,   0% used [0x64e30000, 0x64e30000, 0x64f30000)
 tenured generation   total 20700K, used 13011K [0x69350000, 0x6a787000, 0x72e00000)
   the space 20700K,  62% used [0x69350000, 0x6a004f88, 0x6a005000, 0x6a787000)
 Metaspace       used 23543K, capacity 24085K, committed 24192K, reserved 24880K
GC Heap History (10 events):
Event: 37.665 GC heap before
{Heap before GC invocations=62 (full 2):
 def new generation   total 7424K, used 7387K [0x64600000, 0x64e00000, 0x69350000)
  eden space 6656K,  99% used [0x64600000, 0x64c76f50, 0x64c80000)
  from space 768K, 100% used [0x64c80000, 0x64d40000, 0x64d40000)
  to   space 768K,   0% used [0x64d40000, 0x64d40000, 0x64e00000)
 tenured generation   total 16232K, used 14600K [0x69350000, 0x6a32a000, 0x72e00000)
   the space 16232K,  89% used [0x69350000, 0x6a192000, 0x6a192000, 0x6a32a000)
 Metaspace       used 22324K, capacity 22793K, committed 22912K, reserved 23856K
Event: 37.680 GC heap after
Heap after GC invocations=63 (full 2):
 def new generation   total 7424K, used 768K [0x64600000, 0x64e00000, 0x69350000)
  eden space 6656K,   0% used [0x64600000, 0x64600000, 0x64c80000)
  from space 768K, 100% used [0x64d40000, 0x64e00000, 0x64e00000)
  to   space 768K,   0% used [0x64c80000, 0x64c80000, 0x64d40000)
 tenured generation   total 16232K, used 15128K [0x69350000, 0x6a32a000, 0x72e00000)
   the space 16232K,  93% used [0x69350000, 0x6a216380, 0x6a216400, 0x6a32a000)
 Metaspace       used 22324K, capacity 22793K, committed 22912K, reserved 23856K
}
Event: 38.122 GC heap before
{Heap before GC invocations=63 (full 2):
 def new generation   total 7424K, used 7424K [0x64600000, 0x64e00000, 0x69350000)
  eden space 6656K, 100% used [0x64600000, 0x64c80000, 0x64c80000)
  from space 768K, 100% used [0x64d40000, 0x64e00000, 0x64e00000)
  to   space 768K,   0% used [0x64c80000, 0x64c80000, 0x64d40000)
 tenured generation   total 16232K, used 15128K [0x69350000, 0x6a32a000, 0x72e00000)
   the space 16232K,  93% used [0x69350000, 0x6a216380, 0x6a216400, 0x6a32a000)
 Metaspace       used 22926K, capacity 23377K, committed 23424K, reserved 23856K
Event: 38.441 GC heap after
Heap after GC invocations=64 (full 3):
 def new generation   total 9408K, used 0K [0x64600000, 0x65030000, 0x69350000)
  eden space 8384K,   0% used [0x64600000, 0x64600000, 0x64e30000)
  from space 1024K,   0% used [0x64e30000, 0x64e30000, 0x64f30000)
  to   space 1024K,   0% used [0x64f30000, 0x64f30000, 0x65030000)
 tenured generation   total 20700K, used 12418K [0x69350000, 0x6a787000, 0x72e00000)
   the space 20700K,  59% used [0x69350000, 0x69f70a00, 0x69f70a00, 0x6a787000)
 Metaspace       used 22739K, capacity 23149K, committed 23424K, reserved 23856K
}
Event: 261.783 GC heap before
{Heap before GC invocations=64 (full 3):
 def new generation   total 9408K, used 8384K [0x64600000, 0x65030000, 0x69350000)
  eden space 8384K, 100% used [0x64600000, 0x64e30000, 0x64e30000)
  from space 1024K,   0% used [0x64e30000, 0x64e30000, 0x64f30000)
  to   space 1024K,   0% used [0x64f30000, 0x64f30000, 0x65030000)
 tenured generation   total 20700K, used 12418K [0x69350000, 0x6a787000, 0x72e00000)
   the space 20700K,  59% used [0x69350000, 0x69f70a00, 0x69f70a00, 0x6a787000)
 Metaspace       used 22964K, capacity 23396K, committed 23552K, reserved 23856K
Event: 261.804 GC heap after
Heap after GC invocations=65 (full 3):
 def new generation   total 9408K, used 770K [0x64600000, 0x65030000, 0x69350000)
  eden space 8384K,   0% used [0x64600000, 0x64600000, 0x64e30000)
  from space 1024K,  75% used [0x64f30000, 0x64ff08b8, 0x65030000)
  to   space 1024K,   0% used [0x64e30000, 0x64e30000, 0x64f30000)
 tenured generation   total 20700K, used 12418K [0x69350000, 0x6a787000, 0x72e00000)
   the space 20700K,  59% used [0x69350000, 0x69f70a00, 0x69f70a00, 0x6a787000)
 Metaspace       used 22964K, capacity 23396K, committed 23552K, reserved 23856K
}
Event: 450.442 GC heap before
{Heap before GC invocations=65 (full 3):
 def new generation   total 9408K, used 9154K [0x64600000, 0x65030000, 0x69350000)
  eden space 8384K, 100% used [0x64600000, 0x64e30000, 0x64e30000)
  from space 1024K,  75% used [0x64f30000, 0x64ff08b8, 0x65030000)
  to   space 1024K,   0% used [0x64e30000, 0x64e30000, 0x64f30000)
 tenured generation   total 20700K, used 12418K [0x69350000, 0x6a787000, 0x72e00000)
   the space 20700K,  59% used [0x69350000, 0x69f70a00, 0x69f70a00, 0x6a787000)
 Metaspace       used 23096K, capacity 23502K, committed 23552K, reserved 23856K
Event: 450.456 GC heap after
Heap after GC invocations=66 (full 3):
 def new generation   total 9408K, used 697K [0x64600000, 0x65030000, 0x69350000)
  eden space 8384K,   0% used [0x64600000, 0x64600000, 0x64e30000)
  from space 1024K,  68% used [0x64e30000, 0x64ede708, 0x64f30000)
  to   space 1024K,   0% used [0x64f30000, 0x64f30000, 0x65030000)
 tenured generation   total 20700K, used 12629K [0x69350000, 0x6a787000, 0x72e00000)
   the space 20700K,  61% used [0x69350000, 0x69fa56f0, 0x69fa5800, 0x6a787000)
 Metaspace       used 23096K, capacity 23502K, committed 23552K, reserved 23856K
}
Event: 453.993 GC heap before
{Heap before GC invocations=66 (full 3):
 def new generation   total 9408K, used 9081K [0x64600000, 0x65030000, 0x69350000)
  eden space 8384K, 100% used [0x64600000, 0x64e30000, 0x64e30000)
  from space 1024K,  68% used [0x64e30000, 0x64ede708, 0x64f30000)
  to   space 1024K,   0% used [0x64f30000, 0x64f30000, 0x65030000)
 tenured generation   total 20700K, used 12629K [0x69350000, 0x6a787000, 0x72e00000)
   the space 20700K,  61% used [0x69350000, 0x69fa56f0, 0x69fa5800, 0x6a787000)
 Metaspace       used 23418K, capacity 23905K, committed 23936K, reserved 24880K
Event: 454.013 GC heap after
Heap after GC invocations=67 (full 3):
 def new generation   total 9408K, used 935K [0x64600000, 0x65030000, 0x69350000)
  eden space 8384K,   0% used [0x64600000, 0x64600000, 0x64e30000)
  from space 1024K,  91% used [0x64f30000, 0x65019de0, 0x65030000)
  to   space 1024K,   0% used [0x64e30000, 0x64e30000, 0x64f30000)
 tenured generation   total 20700K, used 13011K [0x69350000, 0x6a787000, 0x72e00000)
   the space 20700K,  62% used [0x69350000, 0x6a004f88, 0x6a005000, 0x6a787000)
 Metaspace       used 23418K, capacity 23905K, committed 23936K, reserved 24880K
}

